<?xml version="1.0" encoding="UTF-8" standalone="yes"?><!DOCTYPE report PUBLIC "-//JACOCO//DTD Report 1.1//EN" "report.dtd"><report name="TriangleTest"><sessioninfo id="codespaces-dcc799-f2822769" start="1741070627637" dump="1741070629172"/><sessioninfo id="codespaces-dcc799-27ea2e7a" start="1741070851378" dump="1741070852451"/><sessioninfo id="codespaces-dcc799-128eb34e" start="1741070981737" dump="1741070982576"/><sessioninfo id="codespaces-dcc799-81bb310d" start="1741071061963" dump="1741071062796"/><sessioninfo id="codespaces-dcc799-2d61b5c4" start="1741071135593" dump="1741071136408"/><sessioninfo id="codespaces-dcc799-ac03d8fb" start="1741071215696" dump="1741071216551"/><package name="com/example"><class name="com/example/Triangle" sourcefilename="Triangle.java"><method name="&lt;init&gt;" desc="(III)V" line="6"><counter type="INSTRUCTION" missed="0" covered="12"/><counter type="LINE" missed="0" covered="5"/><counter type="COMPLEXITY" missed="0" covered="1"/><counter type="METHOD" missed="0" covered="1"/></method><method name="getTriangleType" desc="()Ljava/lang/String;" line="13"><counter type="INSTRUCTION" missed="0" covered="76"/><counter type="BRANCH" missed="0" covered="22"/><counter type="LINE" missed="0" covered="11"/><counter type="COMPLEXITY" missed="0" covered="12"/><counter type="METHOD" missed="0" covered="1"/></method><counter type="INSTRUCTION" missed="0" covered="88"/><counter type="BRANCH" missed="0" covered="22"/><counter type="LINE" missed="0" covered="16"/><counter type="COMPLEXITY" missed="0" covered="13"/><counter type="METHOD" missed="0" covered="2"/><counter type="CLASS" missed="0" covered="1"/></class><sourcefile name="Triangle.java"><line nr="6" mi="0" ci="2" mb="0" cb="0"/><line nr="7" mi="0" ci="3" mb="0" cb="0"/><line nr="8" mi="0" ci="3" mb="0" cb="0"/><line nr="9" mi="0" ci="3" mb="0" cb="0"/><line nr="10" mi="0" ci="1" mb="0" cb="0"/><line nr="13" mi="0" ci="2" mb="0" cb="0"/><line nr="14" mi="0" ci="9" mb="0" cb="6"/><line nr="15" mi="0" ci="3" mb="0" cb="0"/><line nr="17" mi="0" ci="24" mb="0" cb="6"/><line nr="18" mi="0" ci="10" mb="0" cb="4"/><line nr="19" mi="0" ci="3" mb="0" cb="0"/><line nr="20" mi="0" ci="15" mb="0" cb="6"/><line nr="21" mi="0" ci="3" mb="0" cb="0"/><line nr="23" mi="0" ci="3" mb="0" cb="0"/><line nr="26" mi="0" ci="2" mb="0" cb="0"/><line nr="27" mi="0" ci="2" mb="0" cb="0"/><counter type="INSTRUCTION" missed="0" covered="88"/><counter type="BRANCH" missed="0" covered="22"/><counter type="LINE" missed="0" covered="16"/><counter type="COMPLEXITY" missed="0" covered="13"/><counter type="METHOD" missed="0" covered="2"/><counter type="CLASS" missed="0" covered="1"/></sourcefile><counter type="INSTRUCTION" missed="0" covered="88"/><counter type="BRANCH" missed="0" covered="22"/><counter type="LINE" missed="0" covered="16"/><counter type="COMPLEXITY" missed="0" covered="13"/><counter type="METHOD" missed="0" covered="2"/><counter type="CLASS" missed="0" covered="1"/></package><counter type="INSTRUCTION" missed="0" covered="88"/><counter type="BRANCH" missed="0" covered="22"/><counter type="LINE" missed="0" covered="16"/><counter type="COMPLEXITY" missed="0" covered="13"/><counter type="METHOD" missed="0" covered="2"/><counter type="CLASS" missed="0" covered="1"/></report>